<?xml version="1.0" encoding="UTF-8"?>
<testng-results skipped="0" failed="0" ignored="0" total="20" passed="20">
  <reporter-output>
  </reporter-output>
  <suite name="book-flight-module" duration-ms="67334" started-at="2020-12-18T13:14:37Z" finished-at="2020-12-18T13:15:45Z">
    <groups>
    </groups>
    <test name="book-flight-1" duration-ms="11693" started-at="2020-12-18T13:14:37Z" finished-at="2020-12-18T13:14:49Z">
      <class name="com.newtours.tests.BookFlightTest">
        <test-method status="PASS" signature="setupDriver(org.testng.ITestContext)[pri:0, instance:com.newtours.tests.BookFlightTest@68c4039c]" name="setupDriver" is-config="true" duration-ms="1930" started-at="2020-12-18T13:14:37Z" finished-at="2020-12-18T13:14:39Z">
          <params>
            <param index="0">
              <value>
                <![CDATA[org.testng.TestRunner@548e76f1]]>
              </value>
            </param>
          </params>
          <reporter-output>
          </reporter-output>
        </test-method> <!-- setupDriver -->
        <test-method status="PASS" signature="setupParameters(java.lang.String, java.lang.String)[pri:0, instance:com.newtours.tests.BookFlightTest@68c4039c]" name="setupParameters" is-config="true" duration-ms="1" started-at="2020-12-18T13:14:39Z" depends-on-methods="com.tests.BaseTest.setupDriver" finished-at="2020-12-18T13:14:39Z">
          <params>
            <param index="0">
              <value>
                <![CDATA[1]]>
              </value>
            </param>
            <param index="1">
              <value>
                <![CDATA[$584 USD]]>
              </value>
            </param>
          </params>
          <reporter-output>
          </reporter-output>
        </test-method> <!-- setupParameters -->
        <test-method status="PASS" signature="registrationPage()[pri:0, instance:com.newtours.tests.BookFlightTest@68c4039c]" name="registrationPage" duration-ms="7255" started-at="2020-12-18T13:14:39Z" finished-at="2020-12-18T13:14:47Z">
          <reporter-output>
          </reporter-output>
        </test-method> <!-- registrationPage -->
        <test-method status="PASS" signature="registrationConfirmationPage()[pri:0, instance:com.newtours.tests.BookFlightTest@68c4039c]" name="registrationConfirmationPage" duration-ms="141" started-at="2020-12-18T13:14:47Z" depends-on-methods="com.newtours.tests.BookFlightTest.registrationPage" finished-at="2020-12-18T13:14:47Z">
          <reporter-output>
          </reporter-output>
        </test-method> <!-- registrationConfirmationPage -->
        <test-method status="PASS" signature="flightDetailsPage()[pri:0, instance:com.newtours.tests.BookFlightTest@68c4039c]" name="flightDetailsPage" duration-ms="1562" started-at="2020-12-18T13:14:47Z" depends-on-methods="com.newtours.tests.BookFlightTest.registrationConfirmationPage" finished-at="2020-12-18T13:14:48Z">
          <reporter-output>
          </reporter-output>
        </test-method> <!-- flightDetailsPage -->
        <test-method status="PASS" signature="findFlightPage()[pri:0, instance:com.newtours.tests.BookFlightTest@68c4039c]" name="findFlightPage" duration-ms="371" started-at="2020-12-18T13:14:48Z" depends-on-methods="com.newtours.tests.BookFlightTest.flightDetailsPage" finished-at="2020-12-18T13:14:49Z">
          <reporter-output>
          </reporter-output>
        </test-method> <!-- findFlightPage -->
        <test-method status="PASS" signature="flightConfirmationPage()[pri:0, instance:com.newtours.tests.BookFlightTest@68c4039c]" name="flightConfirmationPage" duration-ms="281" started-at="2020-12-18T13:14:49Z" depends-on-methods="com.newtours.tests.BookFlightTest.findFlightPage" finished-at="2020-12-18T13:14:49Z">
          <reporter-output>
          </reporter-output>
        </test-method> <!-- flightConfirmationPage -->
        <test-method status="PASS" signature="quitDriver()[pri:0, instance:com.newtours.tests.BookFlightTest@68c4039c]" name="quitDriver" is-config="true" duration-ms="128" started-at="2020-12-18T13:14:49Z" finished-at="2020-12-18T13:14:49Z">
          <reporter-output>
          </reporter-output>
        </test-method> <!-- quitDriver -->
      </class> <!-- com.newtours.tests.BookFlightTest -->
    </test> <!-- book-flight-1 -->
    <test name="book-flight-2" duration-ms="13487" started-at="2020-12-18T13:14:49Z" finished-at="2020-12-18T13:15:03Z">
      <class name="com.newtours.tests.BookFlightTest">
        <test-method status="PASS" signature="setupDriver(org.testng.ITestContext)[pri:0, instance:com.newtours.tests.BookFlightTest@13deb50e]" name="setupDriver" is-config="true" duration-ms="561" started-at="2020-12-18T13:14:49Z" finished-at="2020-12-18T13:14:50Z">
          <params>
            <param index="0">
              <value>
                <![CDATA[org.testng.TestRunner@5aabbb29]]>
              </value>
            </param>
          </params>
          <reporter-output>
          </reporter-output>
        </test-method> <!-- setupDriver -->
        <test-method status="PASS" signature="setupParameters(java.lang.String, java.lang.String)[pri:0, instance:com.newtours.tests.BookFlightTest@13deb50e]" name="setupParameters" is-config="true" duration-ms="0" started-at="2020-12-18T13:14:50Z" depends-on-methods="com.tests.BaseTest.setupDriver" finished-at="2020-12-18T13:14:50Z">
          <params>
            <param index="0">
              <value>
                <![CDATA[2]]>
              </value>
            </param>
            <param index="1">
              <value>
                <![CDATA[$1169 USD]]>
              </value>
            </param>
          </params>
          <reporter-output>
          </reporter-output>
        </test-method> <!-- setupParameters -->
        <test-method status="PASS" signature="registrationPage()[pri:0, instance:com.newtours.tests.BookFlightTest@13deb50e]" name="registrationPage" duration-ms="9908" started-at="2020-12-18T13:14:50Z" finished-at="2020-12-18T13:15:00Z">
          <reporter-output>
          </reporter-output>
        </test-method> <!-- registrationPage -->
        <test-method status="PASS" signature="registrationConfirmationPage()[pri:0, instance:com.newtours.tests.BookFlightTest@13deb50e]" name="registrationConfirmationPage" duration-ms="168" started-at="2020-12-18T13:15:00Z" depends-on-methods="com.newtours.tests.BookFlightTest.registrationPage" finished-at="2020-12-18T13:15:00Z">
          <reporter-output>
          </reporter-output>
        </test-method> <!-- registrationConfirmationPage -->
        <test-method status="PASS" signature="flightDetailsPage()[pri:0, instance:com.newtours.tests.BookFlightTest@13deb50e]" name="flightDetailsPage" duration-ms="1683" started-at="2020-12-18T13:15:00Z" depends-on-methods="com.newtours.tests.BookFlightTest.registrationConfirmationPage" finished-at="2020-12-18T13:15:01Z">
          <reporter-output>
          </reporter-output>
        </test-method> <!-- flightDetailsPage -->
        <test-method status="PASS" signature="findFlightPage()[pri:0, instance:com.newtours.tests.BookFlightTest@13deb50e]" name="findFlightPage" duration-ms="399" started-at="2020-12-18T13:15:01Z" depends-on-methods="com.newtours.tests.BookFlightTest.flightDetailsPage" finished-at="2020-12-18T13:15:02Z">
          <reporter-output>
          </reporter-output>
        </test-method> <!-- findFlightPage -->
        <test-method status="PASS" signature="flightConfirmationPage()[pri:0, instance:com.newtours.tests.BookFlightTest@13deb50e]" name="flightConfirmationPage" duration-ms="630" started-at="2020-12-18T13:15:02Z" depends-on-methods="com.newtours.tests.BookFlightTest.findFlightPage" finished-at="2020-12-18T13:15:03Z">
          <reporter-output>
          </reporter-output>
        </test-method> <!-- flightConfirmationPage -->
        <test-method status="PASS" signature="quitDriver()[pri:0, instance:com.newtours.tests.BookFlightTest@13deb50e]" name="quitDriver" is-config="true" duration-ms="128" started-at="2020-12-18T13:15:03Z" finished-at="2020-12-18T13:15:03Z">
          <reporter-output>
          </reporter-output>
        </test-method> <!-- quitDriver -->
      </class> <!-- com.newtours.tests.BookFlightTest -->
    </test> <!-- book-flight-2 -->
    <test name="book-flight-3" duration-ms="12730" started-at="2020-12-18T13:15:03Z" finished-at="2020-12-18T13:15:15Z">
      <class name="com.newtours.tests.BookFlightTest">
        <test-method status="PASS" signature="setupDriver(org.testng.ITestContext)[pri:0, instance:com.newtours.tests.BookFlightTest@4f7d0008]" name="setupDriver" is-config="true" duration-ms="564" started-at="2020-12-18T13:15:03Z" finished-at="2020-12-18T13:15:03Z">
          <params>
            <param index="0">
              <value>
                <![CDATA[org.testng.TestRunner@72c927f1]]>
              </value>
            </param>
          </params>
          <reporter-output>
          </reporter-output>
        </test-method> <!-- setupDriver -->
        <test-method status="PASS" signature="setupParameters(java.lang.String, java.lang.String)[pri:0, instance:com.newtours.tests.BookFlightTest@4f7d0008]" name="setupParameters" is-config="true" duration-ms="1" started-at="2020-12-18T13:15:03Z" depends-on-methods="com.tests.BaseTest.setupDriver" finished-at="2020-12-18T13:15:03Z">
          <params>
            <param index="0">
              <value>
                <![CDATA[3]]>
              </value>
            </param>
            <param index="1">
              <value>
                <![CDATA[$1753 USD]]>
              </value>
            </param>
          </params>
          <reporter-output>
          </reporter-output>
        </test-method> <!-- setupParameters -->
        <test-method status="PASS" signature="registrationPage()[pri:0, instance:com.newtours.tests.BookFlightTest@4f7d0008]" name="registrationPage" duration-ms="9757" started-at="2020-12-18T13:15:03Z" finished-at="2020-12-18T13:15:13Z">
          <reporter-output>
          </reporter-output>
        </test-method> <!-- registrationPage -->
        <test-method status="PASS" signature="registrationConfirmationPage()[pri:0, instance:com.newtours.tests.BookFlightTest@4f7d0008]" name="registrationConfirmationPage" duration-ms="185" started-at="2020-12-18T13:15:13Z" depends-on-methods="com.newtours.tests.BookFlightTest.registrationPage" finished-at="2020-12-18T13:15:13Z">
          <reporter-output>
          </reporter-output>
        </test-method> <!-- registrationConfirmationPage -->
        <test-method status="PASS" signature="flightDetailsPage()[pri:0, instance:com.newtours.tests.BookFlightTest@4f7d0008]" name="flightDetailsPage" duration-ms="1527" started-at="2020-12-18T13:15:13Z" depends-on-methods="com.newtours.tests.BookFlightTest.registrationConfirmationPage" finished-at="2020-12-18T13:15:15Z">
          <reporter-output>
          </reporter-output>
        </test-method> <!-- flightDetailsPage -->
        <test-method status="PASS" signature="findFlightPage()[pri:0, instance:com.newtours.tests.BookFlightTest@4f7d0008]" name="findFlightPage" duration-ms="338" started-at="2020-12-18T13:15:15Z" depends-on-methods="com.newtours.tests.BookFlightTest.flightDetailsPage" finished-at="2020-12-18T13:15:15Z">
          <reporter-output>
          </reporter-output>
        </test-method> <!-- findFlightPage -->
        <test-method status="PASS" signature="flightConfirmationPage()[pri:0, instance:com.newtours.tests.BookFlightTest@4f7d0008]" name="flightConfirmationPage" duration-ms="281" started-at="2020-12-18T13:15:15Z" depends-on-methods="com.newtours.tests.BookFlightTest.findFlightPage" finished-at="2020-12-18T13:15:15Z">
          <reporter-output>
          </reporter-output>
        </test-method> <!-- flightConfirmationPage -->
        <test-method status="PASS" signature="quitDriver()[pri:0, instance:com.newtours.tests.BookFlightTest@4f7d0008]" name="quitDriver" is-config="true" duration-ms="71" started-at="2020-12-18T13:15:15Z" finished-at="2020-12-18T13:15:15Z">
          <reporter-output>
          </reporter-output>
        </test-method> <!-- quitDriver -->
      </class> <!-- com.newtours.tests.BookFlightTest -->
    </test> <!-- book-flight-3 -->
    <test name="book-flight-4" duration-ms="29382" started-at="2020-12-18T13:15:15Z" finished-at="2020-12-18T13:15:45Z">
      <class name="com.newtours.tests.BookFlightTest">
        <test-method status="PASS" signature="setupDriver(org.testng.ITestContext)[pri:0, instance:com.newtours.tests.BookFlightTest@73ad2d6]" name="setupDriver" is-config="true" duration-ms="589" started-at="2020-12-18T13:15:15Z" finished-at="2020-12-18T13:15:16Z">
          <params>
            <param index="0">
              <value>
                <![CDATA[org.testng.TestRunner@1ac85b0c]]>
              </value>
            </param>
          </params>
          <reporter-output>
          </reporter-output>
        </test-method> <!-- setupDriver -->
        <test-method status="PASS" signature="setupParameters(java.lang.String, java.lang.String)[pri:0, instance:com.newtours.tests.BookFlightTest@73ad2d6]" name="setupParameters" is-config="true" duration-ms="0" started-at="2020-12-18T13:15:16Z" depends-on-methods="com.tests.BaseTest.setupDriver" finished-at="2020-12-18T13:15:16Z">
          <params>
            <param index="0">
              <value>
                <![CDATA[4]]>
              </value>
            </param>
            <param index="1">
              <value>
                <![CDATA[$2338 USD]]>
              </value>
            </param>
          </params>
          <reporter-output>
          </reporter-output>
        </test-method> <!-- setupParameters -->
        <test-method status="PASS" signature="registrationPage()[pri:0, instance:com.newtours.tests.BookFlightTest@73ad2d6]" name="registrationPage" duration-ms="26489" started-at="2020-12-18T13:15:16Z" finished-at="2020-12-18T13:15:42Z">
          <reporter-output>
          </reporter-output>
        </test-method> <!-- registrationPage -->
        <test-method status="PASS" signature="registrationConfirmationPage()[pri:0, instance:com.newtours.tests.BookFlightTest@73ad2d6]" name="registrationConfirmationPage" duration-ms="148" started-at="2020-12-18T13:15:42Z" depends-on-methods="com.newtours.tests.BookFlightTest.registrationPage" finished-at="2020-12-18T13:15:43Z">
          <reporter-output>
          </reporter-output>
        </test-method> <!-- registrationConfirmationPage -->
        <test-method status="PASS" signature="flightDetailsPage()[pri:0, instance:com.newtours.tests.BookFlightTest@73ad2d6]" name="flightDetailsPage" duration-ms="1507" started-at="2020-12-18T13:15:43Z" depends-on-methods="com.newtours.tests.BookFlightTest.registrationConfirmationPage" finished-at="2020-12-18T13:15:44Z">
          <reporter-output>
          </reporter-output>
        </test-method> <!-- flightDetailsPage -->
        <test-method status="PASS" signature="findFlightPage()[pri:0, instance:com.newtours.tests.BookFlightTest@73ad2d6]" name="findFlightPage" duration-ms="309" started-at="2020-12-18T13:15:44Z" depends-on-methods="com.newtours.tests.BookFlightTest.flightDetailsPage" finished-at="2020-12-18T13:15:44Z">
          <reporter-output>
          </reporter-output>
        </test-method> <!-- findFlightPage -->
        <test-method status="PASS" signature="flightConfirmationPage()[pri:0, instance:com.newtours.tests.BookFlightTest@73ad2d6]" name="flightConfirmationPage" duration-ms="267" started-at="2020-12-18T13:15:44Z" depends-on-methods="com.newtours.tests.BookFlightTest.findFlightPage" finished-at="2020-12-18T13:15:45Z">
          <reporter-output>
          </reporter-output>
        </test-method> <!-- flightConfirmationPage -->
        <test-method status="PASS" signature="quitDriver()[pri:0, instance:com.newtours.tests.BookFlightTest@73ad2d6]" name="quitDriver" is-config="true" duration-ms="66" started-at="2020-12-18T13:15:45Z" finished-at="2020-12-18T13:15:45Z">
          <reporter-output>
          </reporter-output>
        </test-method> <!-- quitDriver -->
      </class> <!-- com.newtours.tests.BookFlightTest -->
    </test> <!-- book-flight-4 -->
  </suite> <!-- book-flight-module -->
</testng-results>
