<?xml version="1.0" encoding="UTF-8"?>
<!-- Generated by org.testng.reporters.JUnitXMLReporter -->
<testsuite hostname="DESKTOP-MTKLQ6Q" ignored="0" name="book-flight-4" tests="5" failures="0" timestamp="18 Dec 2020 13:15:45 GMT" time="29.382" errors="0">
  <testcase name="registrationPage" time="26.489" classname="com.newtours.tests.BookFlightTest"/>
  <testcase name="registrationConfirmationPage" time="0.148" classname="com.newtours.tests.BookFlightTest"/>
  <testcase name="flightDetailsPage" time="1.507" classname="com.newtours.tests.BookFlightTest"/>
  <testcase name="findFlightPage" time="0.309" classname="com.newtours.tests.BookFlightTest"/>
  <testcase name="flightConfirmationPage" time="0.267" classname="com.newtours.tests.BookFlightTest"/>
</testsuite> <!-- book-flight-4 -->
