<?xml version="1.0" encoding="UTF-8"?>
<!-- Generated by org.testng.reporters.JUnitXMLReporter -->
<testsuite hostname="DESKTOP-MTKLQ6Q" ignored="0" name="book-flight-2" tests="5" failures="0" timestamp="18 Dec 2020 13:15:03 GMT" time="13.487" errors="0">
  <testcase name="registrationPage" time="9.908" classname="com.newtours.tests.BookFlightTest"/>
  <testcase name="registrationConfirmationPage" time="0.168" classname="com.newtours.tests.BookFlightTest"/>
  <testcase name="flightDetailsPage" time="1.683" classname="com.newtours.tests.BookFlightTest"/>
  <testcase name="findFlightPage" time="0.399" classname="com.newtours.tests.BookFlightTest"/>
  <testcase name="flightConfirmationPage" time="0.63" classname="com.newtours.tests.BookFlightTest"/>
</testsuite> <!-- book-flight-2 -->
