<?xml version="1.0" encoding="UTF-8"?>
<!-- Generated by org.testng.reporters.JUnitXMLReporter -->
<testsuite hostname="DESKTOP-MTKLQ6Q" ignored="0" name="book-flight-3" tests="5" failures="0" timestamp="18 Dec 2020 13:15:15 GMT" time="12.73" errors="0">
  <testcase name="registrationPage" time="9.757" classname="com.newtours.tests.BookFlightTest"/>
  <testcase name="registrationConfirmationPage" time="0.185" classname="com.newtours.tests.BookFlightTest"/>
  <testcase name="flightDetailsPage" time="1.527" classname="com.newtours.tests.BookFlightTest"/>
  <testcase name="findFlightPage" time="0.338" classname="com.newtours.tests.BookFlightTest"/>
  <testcase name="flightConfirmationPage" time="0.281" classname="com.newtours.tests.BookFlightTest"/>
</testsuite> <!-- book-flight-3 -->
